{"/Users/MM/Documents/career/code/media-script/extension/lib/dom.js": {"path":"/Users/MM/Documents/career/code/media-script/extension/lib/dom.js","statementMap":{"0":{"start":{"line":13,"column":2},"end":{"line":13,"column":59}},"1":{"start":{"line":13,"column":34},"end":{"line":13,"column":57}},"2":{"start":{"line":17,"column":2},"end":{"line":17,"column":56}},"3":{"start":{"line":22,"column":15},"end":{"line":22,"column":50}},"4":{"start":{"line":23,"column":2},"end":{"line":23,"column":58}},"5":{"start":{"line":24,"column":2},"end":{"line":24,"column":54}},"6":{"start":{"line":25,"column":2},"end":{"line":25,"column":13}},"7":{"start":{"line":26,"column":2},"end":{"line":26,"column":56}},"8":{"start":{"line":27,"column":2},"end":{"line":27,"column":52}},"9":{"start":{"line":28,"column":2},"end":{"line":28,"column":50}},"10":{"start":{"line":32,"column":16},"end":{"line":32,"column":116}},"11":{"start":{"line":33,"column":2},"end":{"line":33,"column":62}},"12":{"start":{"line":41,"column":17},"end":{"line":41,"column":38}},"13":{"start":{"line":43,"column":2},"end":{"line":43,"column":30}},"14":{"start":{"line":45,"column":14},"end":{"line":45,"column":16}},"15":{"start":{"line":46,"column":2},"end":{"line":57,"column":3}},"16":{"start":{"line":47,"column":4},"end":{"line":47,"column":18}},"17":{"start":{"line":48,"column":4},"end":{"line":48,"column":81}},"18":{"start":{"line":49,"column":4},"end":{"line":53,"column":5}},"19":{"start":{"line":50,"column":6},"end":{"line":50,"column":29}},"20":{"start":{"line":52,"column":6},"end":{"line":52,"column":23}},"21":{"start":{"line":54,"column":4},"end":{"line":54,"column":60}},"22":{"start":{"line":55,"column":4},"end":{"line":55,"column":79}},"23":{"start":{"line":56,"column":4},"end":{"line":56,"column":30}},"24":{"start":{"line":58,"column":2},"end":{"line":58,"column":59}},"25":{"start":{"line":64,"column":17},"end":{"line":64,"column":38}},"26":{"start":{"line":65,"column":2},"end":{"line":69,"column":3}},"27":{"start":{"line":66,"column":4},"end":{"line":66,"column":27}},"28":{"start":{"line":68,"column":4},"end":{"line":68,"column":21}},"29":{"start":{"line":70,"column":2},"end":{"line":70,"column":58}},"30":{"start":{"line":71,"column":2},"end":{"line":71,"column":59}},"31":{"start":{"line":77,"column":16},"end":{"line":77,"column":38}},"32":{"start":{"line":78,"column":2},"end":{"line":78,"column":31}},"33":{"start":{"line":79,"column":14},"end":{"line":79,"column":35}},"34":{"start":{"line":80,"column":2},"end":{"line":80,"column":24}},"35":{"start":{"line":81,"column":2},"end":{"line":81,"column":22}},"36":{"start":{"line":89,"column":14},"end":{"line":89,"column":35}},"37":{"start":{"line":91,"column":2},"end":{"line":97,"column":3}},"38":{"start":{"line":92,"column":4},"end":{"line":92,"column":30}},"39":{"start":{"line":94,"column":4},"end":{"line":94,"column":35}},"40":{"start":{"line":95,"column":4},"end":{"line":95,"column":33}},"41":{"start":{"line":96,"column":4},"end":{"line":96,"column":26}},"42":{"start":{"line":98,"column":2},"end":{"line":98,"column":25}},"43":{"start":{"line":99,"column":19},"end":{"line":99,"column":48}},"44":{"start":{"line":100,"column":2},"end":{"line":100,"column":29}},"45":{"start":{"line":101,"column":2},"end":{"line":101,"column":32}},"46":{"start":{"line":102,"column":2},"end":{"line":102,"column":30}},"47":{"start":{"line":103,"column":2},"end":{"line":103,"column":24}},"48":{"start":{"line":104,"column":2},"end":{"line":104,"column":22}},"49":{"start":{"line":112,"column":2},"end":{"line":112,"column":30}},"50":{"start":{"line":113,"column":2},"end":{"line":113,"column":24}},"51":{"start":{"line":115,"column":2},"end":{"line":122,"column":3}},"52":{"start":{"line":116,"column":4},"end":{"line":116,"column":81}},"53":{"start":{"line":117,"column":4},"end":{"line":117,"column":126}},"54":{"start":{"line":118,"column":4},"end":{"line":118,"column":32}},"55":{"start":{"line":119,"column":4},"end":{"line":119,"column":102}},"56":{"start":{"line":120,"column":4},"end":{"line":120,"column":79}},"57":{"start":{"line":121,"column":4},"end":{"line":121,"column":30}},"58":{"start":{"line":123,"column":2},"end":{"line":123,"column":59}},"59":{"start":{"line":124,"column":2},"end":{"line":124,"column":91}},"60":{"start":{"line":130,"column":2},"end":{"line":130,"column":25}},"61":{"start":{"line":131,"column":2},"end":{"line":131,"column":58}},"62":{"start":{"line":132,"column":2},"end":{"line":132,"column":59}},"63":{"start":{"line":141,"column":2},"end":{"line":147,"column":3}},"64":{"start":{"line":142,"column":4},"end":{"line":142,"column":38}},"65":{"start":{"line":143,"column":4},"end":{"line":143,"column":66}},"66":{"start":{"line":143,"column":38},"end":{"line":143,"column":66}},"67":{"start":{"line":145,"column":4},"end":{"line":145,"column":37}},"68":{"start":{"line":146,"column":4},"end":{"line":146,"column":64}},"69":{"start":{"line":146,"column":38},"end":{"line":146,"column":64}},"70":{"start":{"line":152,"column":2},"end":{"line":152,"column":21}},"71":{"start":{"line":152,"column":11},"end":{"line":152,"column":21}},"72":{"start":{"line":153,"column":2},"end":{"line":153,"column":70}},"73":{"start":{"line":159,"column":19},"end":{"line":159,"column":59}},"74":{"start":{"line":160,"column":2},"end":{"line":160,"column":29}},"75":{"start":{"line":160,"column":17},"end":{"line":160,"column":29}},"76":{"start":{"line":161,"column":2},"end":{"line":161,"column":54}},"77":{"start":{"line":166,"column":2},"end":{"line":173,"column":3}},"78":{"start":{"line":167,"column":4},"end":{"line":167,"column":33}},"79":{"start":{"line":168,"column":4},"end":{"line":168,"column":99}},"80":{"start":{"line":169,"column":4},"end":{"line":169,"column":97}},"81":{"start":{"line":172,"column":4},"end":{"line":172,"column":32}},"82":{"start":{"line":177,"column":2},"end":{"line":177,"column":52}},"83":{"start":{"line":184,"column":2},"end":{"line":184,"column":35}},"84":{"start":{"line":185,"column":13},"end":{"line":185,"column":31}},"85":{"start":{"line":186,"column":2},"end":{"line":186,"column":21}},"86":{"start":{"line":187,"column":2},"end":{"line":187,"column":27}},"87":{"start":{"line":188,"column":2},"end":{"line":188,"column":64}},"88":{"start":{"line":189,"column":2},"end":{"line":189,"column":63}},"89":{"start":{"line":191,"column":2},"end":{"line":194,"column":3}},"90":{"start":{"line":192,"column":22},"end":{"line":192,"column":98}},"91":{"start":{"line":193,"column":4},"end":{"line":193,"column":40}},"92":{"start":{"line":200,"column":2},"end":{"line":200,"column":44}},"93":{"start":{"line":200,"column":13},"end":{"line":200,"column":44}},"94":{"start":{"line":202,"column":17},"end":{"line":202,"column":78}},"95":{"start":{"line":203,"column":2},"end":{"line":203,"column":97}},"96":{"start":{"line":203,"column":14},"end":{"line":203,"column":97}},"97":{"start":{"line":205,"column":14},"end":{"line":205,"column":38}},"98":{"start":{"line":206,"column":15},"end":{"line":206,"column":38}},"99":{"start":{"line":207,"column":2},"end":{"line":207,"column":56}},"100":{"start":{"line":207,"column":12},"end":{"line":207,"column":56}},"101":{"start":{"line":209,"column":20},"end":{"line":209,"column":49}},"102":{"start":{"line":210,"column":2},"end":{"line":210,"column":72}},"103":{"start":{"line":210,"column":17},"end":{"line":210,"column":72}},"104":{"start":{"line":212,"column":22},"end":{"line":212,"column":52}},"105":{"start":{"line":213,"column":2},"end":{"line":213,"column":77}},"106":{"start":{"line":213,"column":19},"end":{"line":213,"column":77}},"107":{"start":{"line":215,"column":15},"end":{"line":215,"column":17}},"108":{"start":{"line":216,"column":13},"end":{"line":216,"column":15}},"109":{"start":{"line":217,"column":2},"end":{"line":227,"column":3}},"110":{"start":{"line":218,"column":19},"end":{"line":218,"column":45}},"111":{"start":{"line":219,"column":4},"end":{"line":224,"column":5}},"112":{"start":{"line":220,"column":23},"end":{"line":220,"column":104}},"113":{"start":{"line":220,"column":77},"end":{"line":220,"column":103}},"114":{"start":{"line":221,"column":6},"end":{"line":223,"column":7}},"115":{"start":{"line":222,"column":8},"end":{"line":222,"column":66}},"116":{"start":{"line":225,"column":4},"end":{"line":225,"column":27}},"117":{"start":{"line":226,"column":4},"end":{"line":226,"column":30}},"118":{"start":{"line":228,"column":2},"end":{"line":228,"column":26}},"119":{"start":{"line":234,"column":2},"end":{"line":234,"column":78}},"120":{"start":{"line":240,"column":2},"end":{"line":243,"column":3}},"121":{"start":{"line":241,"column":15},"end":{"line":241,"column":42}},"122":{"start":{"line":242,"column":4},"end":{"line":242,"column":22}},"123":{"start":{"line":242,"column":12},"end":{"line":242,"column":22}},"124":{"start":{"line":244,"column":2},"end":{"line":244,"column":14}},"125":{"start":{"line":253,"column":2},"end":{"line":256,"column":3}},"126":{"start":{"line":254,"column":20},"end":{"line":254,"column":62}},"127":{"start":{"line":255,"column":4},"end":{"line":255,"column":62}},"128":{"start":{"line":255,"column":28},"end":{"line":255,"column":62}},"129":{"start":{"line":257,"column":2},"end":{"line":257,"column":41}},"130":{"start":{"line":266,"column":2},"end":{"line":266,"column":43}},"131":{"start":{"line":266,"column":30},"end":{"line":266,"column":43}},"132":{"start":{"line":267,"column":2},"end":{"line":267,"column":32}},"133":{"start":{"line":267,"column":19},"end":{"line":267,"column":32}},"134":{"start":{"line":268,"column":2},"end":{"line":268,"column":72}},"135":{"start":{"line":268,"column":59},"end":{"line":268,"column":72}},"136":{"start":{"line":269,"column":2},"end":{"line":269,"column":62}},"137":{"start":{"line":269,"column":49},"end":{"line":269,"column":62}},"138":{"start":{"line":270,"column":2},"end":{"line":270,"column":64}},"139":{"start":{"line":270,"column":51},"end":{"line":270,"column":64}},"140":{"start":{"line":272,"column":16},"end":{"line":272,"column":43}},"141":{"start":{"line":273,"column":2},"end":{"line":273,"column":112}},"142":{"start":{"line":273,"column":99},"end":{"line":273,"column":112}},"143":{"start":{"line":274,"column":2},"end":{"line":274,"column":48}},"144":{"start":{"line":274,"column":35},"end":{"line":274,"column":48}},"145":{"start":{"line":276,"column":15},"end":{"line":276,"column":41}},"146":{"start":{"line":277,"column":2},"end":{"line":277,"column":58}},"147":{"start":{"line":277,"column":45},"end":{"line":277,"column":58}},"148":{"start":{"line":279,"column":2},"end":{"line":279,"column":14}},"149":{"start":{"line":283,"column":2},"end":{"line":300,"column":5}},"150":{"start":{"line":284,"column":21},"end":{"line":284,"column":42}},"151":{"start":{"line":285,"column":4},"end":{"line":285,"column":43}},"152":{"start":{"line":285,"column":18},"end":{"line":285,"column":43}},"153":{"start":{"line":287,"column":21},"end":{"line":293,"column":6}},"154":{"start":{"line":288,"column":20},"end":{"line":288,"column":41}},"155":{"start":{"line":289,"column":6},"end":{"line":292,"column":7}},"156":{"start":{"line":290,"column":8},"end":{"line":290,"column":30}},"157":{"start":{"line":291,"column":8},"end":{"line":291,"column":23}},"158":{"start":{"line":294,"column":4},"end":{"line":294,"column":72}},"159":{"start":{"line":296,"column":4},"end":{"line":299,"column":18}},"160":{"start":{"line":297,"column":6},"end":{"line":297,"column":28}},"161":{"start":{"line":298,"column":6},"end":{"line":298,"column":97}}},"fnMap":{"0":{"name":"sleep","decl":{"start":{"line":12,"column":9},"end":{"line":12,"column":14}},"loc":{"start":{"line":12,"column":19},"end":{"line":14,"column":1}},"line":12},"1":{"name":"(anonymous_1)","decl":{"start":{"line":13,"column":21},"end":{"line":13,"column":22}},"loc":{"start":{"line":13,"column":34},"end":{"line":13,"column":57}},"line":13},"2":{"name":"randomDelay","decl":{"start":{"line":16,"column":9},"end":{"line":16,"column":20}},"loc":{"start":{"line":16,"column":35},"end":{"line":18,"column":1}},"line":16},"3":{"name":"dispatchPointerSequence","decl":{"start":{"line":21,"column":9},"end":{"line":21,"column":32}},"loc":{"start":{"line":21,"column":37},"end":{"line":29,"column":1}},"line":21},"4":{"name":"nativeValueSetter","decl":{"start":{"line":31,"column":9},"end":{"line":31,"column":26}},"loc":{"start":{"line":31,"column":31},"end":{"line":34,"column":1}},"line":31},"5":{"name":"typeNativeValue","decl":{"start":{"line":40,"column":22},"end":{"line":40,"column":37}},"loc":{"start":{"line":40,"column":49},"end":{"line":59,"column":1}},"line":40},"6":{"name":"setNativeValue","decl":{"start":{"line":63,"column":16},"end":{"line":63,"column":30}},"loc":{"start":{"line":63,"column":42},"end":{"line":72,"column":1}},"line":63},"7":{"name":"clearEditableText","decl":{"start":{"line":76,"column":9},"end":{"line":76,"column":26}},"loc":{"start":{"line":76,"column":31},"end":{"line":82,"column":1}},"line":76},"8":{"name":"insertCharAtCaret","decl":{"start":{"line":88,"column":9},"end":{"line":88,"column":26}},"loc":{"start":{"line":88,"column":37},"end":{"line":105,"column":1}},"line":88},"9":{"name":"typeEditableText","decl":{"start":{"line":111,"column":22},"end":{"line":111,"column":38}},"loc":{"start":{"line":111,"column":50},"end":{"line":125,"column":1}},"line":111},"10":{"name":"setEditableValue","decl":{"start":{"line":129,"column":16},"end":{"line":129,"column":32}},"loc":{"start":{"line":129,"column":44},"end":{"line":133,"column":1}},"line":129},"11":{"name":"fillTextField","decl":{"start":{"line":140,"column":22},"end":{"line":140,"column":35}},"loc":{"start":{"line":140,"column":47},"end":{"line":148,"column":1}},"line":140},"12":{"name":"readFieldValue","decl":{"start":{"line":151,"column":16},"end":{"line":151,"column":30}},"loc":{"start":{"line":151,"column":35},"end":{"line":154,"column":1}},"line":151},"13":{"name":"fieldLooksFilled","decl":{"start":{"line":158,"column":16},"end":{"line":158,"column":32}},"loc":{"start":{"line":158,"column":51},"end":{"line":162,"column":1}},"line":158},"14":{"name":"fillTagInput","decl":{"start":{"line":165,"column":22},"end":{"line":165,"column":34}},"loc":{"start":{"line":165,"column":45},"end":{"line":174,"column":1}},"line":165},"15":{"name":"buildFile","decl":{"start":{"line":176,"column":16},"end":{"line":176,"column":25}},"loc":{"start":{"line":176,"column":48},"end":{"line":178,"column":1}},"line":176},"16":{"name":"setFileInputFiles","decl":{"start":{"line":183,"column":16},"end":{"line":183,"column":33}},"loc":{"start":{"line":183,"column":61},"end":{"line":195,"column":1}},"line":183},"17":{"name":"getUniqueSelector","decl":{"start":{"line":199,"column":16},"end":{"line":199,"column":33}},"loc":{"start":{"line":199,"column":38},"end":{"line":229,"column":1}},"line":199},"18":{"name":"(anonymous_18)","decl":{"start":{"line":220,"column":70},"end":{"line":220,"column":71}},"loc":{"start":{"line":220,"column":77},"end":{"line":220,"column":103}},"line":220},"19":{"name":"candidateList","decl":{"start":{"line":233,"column":16},"end":{"line":233,"column":29}},"loc":{"start":{"line":233,"column":41},"end":{"line":235,"column":1}},"line":233},"20":{"name":"queryFirst","decl":{"start":{"line":239,"column":16},"end":{"line":239,"column":26}},"loc":{"start":{"line":239,"column":38},"end":{"line":245,"column":1}},"line":239},"21":{"name":"findFieldCandidates","decl":{"start":{"line":252,"column":16},"end":{"line":252,"column":35}},"loc":{"start":{"line":252,"column":47},"end":{"line":258,"column":1}},"line":252},"22":{"name":"isInteractable","decl":{"start":{"line":265,"column":16},"end":{"line":265,"column":30}},"loc":{"start":{"line":265,"column":35},"end":{"line":280,"column":1}},"line":265},"23":{"name":"waitForElement","decl":{"start":{"line":282,"column":16},"end":{"line":282,"column":30}},"loc":{"start":{"line":282,"column":60},"end":{"line":301,"column":1}},"line":282},"24":{"name":"(anonymous_24)","decl":{"start":{"line":283,"column":21},"end":{"line":283,"column":22}},"loc":{"start":{"line":283,"column":42},"end":{"line":300,"column":3}},"line":283},"25":{"name":"(anonymous_25)","decl":{"start":{"line":287,"column":42},"end":{"line":287,"column":43}},"loc":{"start":{"line":287,"column":48},"end":{"line":293,"column":5}},"line":287},"26":{"name":"(anonymous_26)","decl":{"start":{"line":296,"column":15},"end":{"line":296,"column":16}},"loc":{"start":{"line":296,"column":21},"end":{"line":299,"column":5}},"line":296}},"branchMap":{"0":{"loc":{"start":{"line":32,"column":16},"end":{"line":32,"column":116}},"type":"cond-expr","locations":[{"start":{"line":32,"column":44},"end":{"line":32,"column":80}},{"start":{"line":32,"column":83},"end":{"line":32,"column":116}}],"line":32},"1":{"loc":{"start":{"line":49,"column":4},"end":{"line":53,"column":5}},"type":"if","locations":[{"start":{"line":49,"column":4},"end":{"line":53,"column":5}},{"start":{"line":51,"column":11},"end":{"line":53,"column":5}}],"line":49},"2":{"loc":{"start":{"line":65,"column":2},"end":{"line":69,"column":3}},"type":"if","locations":[{"start":{"line":65,"column":2},"end":{"line":69,"column":3}},{"start":{"line":67,"column":9},"end":{"line":69,"column":3}}],"line":65},"3":{"loc":{"start":{"line":91,"column":2},"end":{"line":97,"column":3}},"type":"if","locations":[{"start":{"line":91,"column":2},"end":{"line":97,"column":3}},{"start":{"line":93,"column":9},"end":{"line":97,"column":3}}],"line":91},"4":{"loc":{"start":{"line":91,"column":6},"end":{"line":91,"column":62}},"type":"binary-expr","locations":[{"start":{"line":91,"column":6},"end":{"line":91,"column":9}},{"start":{"line":91,"column":13},"end":{"line":91,"column":31}},{"start":{"line":91,"column":35},"end":{"line":91,"column":62}}],"line":91},"5":{"loc":{"start":{"line":141,"column":2},"end":{"line":147,"column":3}},"type":"if","locations":[{"start":{"line":141,"column":2},"end":{"line":147,"column":3}},{"start":{"line":144,"column":9},"end":{"line":147,"column":3}}],"line":141},"6":{"loc":{"start":{"line":143,"column":4},"end":{"line":143,"column":66}},"type":"if","locations":[{"start":{"line":143,"column":4},"end":{"line":143,"column":66}},{"start":{},"end":{}}],"line":143},"7":{"loc":{"start":{"line":146,"column":4},"end":{"line":146,"column":64}},"type":"if","locations":[{"start":{"line":146,"column":4},"end":{"line":146,"column":64}},{"start":{},"end":{}}],"line":146},"8":{"loc":{"start":{"line":152,"column":2},"end":{"line":152,"column":21}},"type":"if","locations":[{"start":{"line":152,"column":2},"end":{"line":152,"column":21}},{"start":{},"end":{}}],"line":152},"9":{"loc":{"start":{"line":153,"column":9},"end":{"line":153,"column":69}},"type":"cond-expr","locations":[{"start":{"line":153,"column":32},"end":{"line":153,"column":52}},{"start":{"line":153,"column":55},"end":{"line":153,"column":69}}],"line":153},"10":{"loc":{"start":{"line":153,"column":32},"end":{"line":153,"column":52}},"type":"binary-expr","locations":[{"start":{"line":153,"column":32},"end":{"line":153,"column":46}},{"start":{"line":153,"column":50},"end":{"line":153,"column":52}}],"line":153},"11":{"loc":{"start":{"line":153,"column":55},"end":{"line":153,"column":69}},"type":"binary-expr","locations":[{"start":{"line":153,"column":55},"end":{"line":153,"column":63}},{"start":{"line":153,"column":67},"end":{"line":153,"column":69}}],"line":153},"12":{"loc":{"start":{"line":159,"column":20},"end":{"line":159,"column":38}},"type":"binary-expr","locations":[{"start":{"line":159,"column":20},"end":{"line":159,"column":32}},{"start":{"line":159,"column":36},"end":{"line":159,"column":38}}],"line":159},"13":{"loc":{"start":{"line":160,"column":2},"end":{"line":160,"column":29}},"type":"if","locations":[{"start":{"line":160,"column":2},"end":{"line":160,"column":29}},{"start":{},"end":{}}],"line":160},"14":{"loc":{"start":{"line":191,"column":2},"end":{"line":194,"column":3}},"type":"if","locations":[{"start":{"line":191,"column":2},"end":{"line":194,"column":3}},{"start":{},"end":{}}],"line":191},"15":{"loc":{"start":{"line":200,"column":2},"end":{"line":200,"column":44}},"type":"if","locations":[{"start":{"line":200,"column":2},"end":{"line":200,"column":44}},{"start":{},"end":{}}],"line":200},"16":{"loc":{"start":{"line":202,"column":17},"end":{"line":202,"column":78}},"type":"binary-expr","locations":[{"start":{"line":202,"column":17},"end":{"line":202,"column":47}},{"start":{"line":202,"column":51},"end":{"line":202,"column":78}}],"line":202},"17":{"loc":{"start":{"line":203,"column":2},"end":{"line":203,"column":97}},"type":"if","locations":[{"start":{"line":203,"column":2},"end":{"line":203,"column":97}},{"start":{},"end":{}}],"line":203},"18":{"loc":{"start":{"line":207,"column":2},"end":{"line":207,"column":56}},"type":"if","locations":[{"start":{"line":207,"column":2},"end":{"line":207,"column":56}},{"start":{},"end":{}}],"line":207},"19":{"loc":{"start":{"line":210,"column":2},"end":{"line":210,"column":72}},"type":"if","locations":[{"start":{"line":210,"column":2},"end":{"line":210,"column":72}},{"start":{},"end":{}}],"line":210},"20":{"loc":{"start":{"line":213,"column":2},"end":{"line":213,"column":77}},"type":"if","locations":[{"start":{"line":213,"column":2},"end":{"line":213,"column":77}},{"start":{},"end":{}}],"line":213},"21":{"loc":{"start":{"line":217,"column":9},"end":{"line":217,"column":78}},"type":"binary-expr","locations":[{"start":{"line":217,"column":9},"end":{"line":217,"column":13}},{"start":{"line":217,"column":17},"end":{"line":217,"column":52}},{"start":{"line":217,"column":56},"end":{"line":217,"column":78}}],"line":217},"22":{"loc":{"start":{"line":219,"column":4},"end":{"line":224,"column":5}},"type":"if","locations":[{"start":{"line":219,"column":4},"end":{"line":224,"column":5}},{"start":{},"end":{}}],"line":219},"23":{"loc":{"start":{"line":221,"column":6},"end":{"line":223,"column":7}},"type":"if","locations":[{"start":{"line":221,"column":6},"end":{"line":223,"column":7}},{"start":{},"end":{}}],"line":221},"24":{"loc":{"start":{"line":234,"column":10},"end":{"line":234,"column":60}},"type":"cond-expr","locations":[{"start":{"line":234,"column":37},"end":{"line":234,"column":46}},{"start":{"line":234,"column":49},"end":{"line":234,"column":60}}],"line":234},"25":{"loc":{"start":{"line":242,"column":4},"end":{"line":242,"column":22}},"type":"if","locations":[{"start":{"line":242,"column":4},"end":{"line":242,"column":22}},{"start":{},"end":{}}],"line":242},"26":{"loc":{"start":{"line":255,"column":4},"end":{"line":255,"column":62}},"type":"if","locations":[{"start":{"line":255,"column":4},"end":{"line":255,"column":62}},{"start":{},"end":{}}],"line":255},"27":{"loc":{"start":{"line":266,"column":2},"end":{"line":266,"column":43}},"type":"if","locations":[{"start":{"line":266,"column":2},"end":{"line":266,"column":43}},{"start":{},"end":{}}],"line":266},"28":{"loc":{"start":{"line":266,"column":6},"end":{"line":266,"column":28}},"type":"binary-expr","locations":[{"start":{"line":266,"column":6},"end":{"line":266,"column":9}},{"start":{"line":266,"column":13},"end":{"line":266,"column":28}}],"line":266},"29":{"loc":{"start":{"line":267,"column":2},"end":{"line":267,"column":32}},"type":"if","locations":[{"start":{"line":267,"column":2},"end":{"line":267,"column":32}},{"start":{},"end":{}}],"line":267},"30":{"loc":{"start":{"line":268,"column":2},"end":{"line":268,"column":72}},"type":"if","locations":[{"start":{"line":268,"column":2},"end":{"line":268,"column":72}},{"start":{},"end":{}}],"line":268},"31":{"loc":{"start":{"line":268,"column":6},"end":{"line":268,"column":57}},"type":"binary-expr","locations":[{"start":{"line":268,"column":6},"end":{"line":268,"column":26}},{"start":{"line":268,"column":30},"end":{"line":268,"column":57}}],"line":268},"32":{"loc":{"start":{"line":269,"column":2},"end":{"line":269,"column":62}},"type":"if","locations":[{"start":{"line":269,"column":2},"end":{"line":269,"column":62}},{"start":{},"end":{}}],"line":269},"33":{"loc":{"start":{"line":270,"column":2},"end":{"line":270,"column":64}},"type":"if","locations":[{"start":{"line":270,"column":2},"end":{"line":270,"column":64}},{"start":{},"end":{}}],"line":270},"34":{"loc":{"start":{"line":273,"column":2},"end":{"line":273,"column":112}},"type":"if","locations":[{"start":{"line":273,"column":2},"end":{"line":273,"column":112}},{"start":{},"end":{}}],"line":273},"35":{"loc":{"start":{"line":273,"column":6},"end":{"line":273,"column":97}},"type":"binary-expr","locations":[{"start":{"line":273,"column":6},"end":{"line":273,"column":30}},{"start":{"line":273,"column":34},"end":{"line":273,"column":63}},{"start":{"line":273,"column":67},"end":{"line":273,"column":97}}],"line":273},"36":{"loc":{"start":{"line":274,"column":2},"end":{"line":274,"column":48}},"type":"if","locations":[{"start":{"line":274,"column":2},"end":{"line":274,"column":48}},{"start":{},"end":{}}],"line":274},"37":{"loc":{"start":{"line":277,"column":2},"end":{"line":277,"column":58}},"type":"if","locations":[{"start":{"line":277,"column":2},"end":{"line":277,"column":58}},{"start":{},"end":{}}],"line":277},"38":{"loc":{"start":{"line":277,"column":6},"end":{"line":277,"column":43}},"type":"binary-expr","locations":[{"start":{"line":277,"column":6},"end":{"line":277,"column":22}},{"start":{"line":277,"column":26},"end":{"line":277,"column":43}}],"line":277},"39":{"loc":{"start":{"line":282,"column":42},"end":{"line":282,"column":58}},"type":"default-arg","locations":[{"start":{"line":282,"column":54},"end":{"line":282,"column":58}}],"line":282},"40":{"loc":{"start":{"line":285,"column":4},"end":{"line":285,"column":43}},"type":"if","locations":[{"start":{"line":285,"column":4},"end":{"line":285,"column":43}},{"start":{},"end":{}}],"line":285},"41":{"loc":{"start":{"line":289,"column":6},"end":{"line":292,"column":7}},"type":"if","locations":[{"start":{"line":289,"column":6},"end":{"line":292,"column":7}},{"start":{},"end":{}}],"line":289}},"s":{"0":0,"1":0,"2":0,"3":0,"4":0,"5":0,"6":0,"7":0,"8":0,"9":0,"10":0,"11":0,"12":0,"13":0,"14":0,"15":0,"16":0,"17":0,"18":0,"19":0,"20":0,"21":0,"22":0,"23":0,"24":0,"25":0,"26":0,"27":0,"28":0,"29":0,"30":0,"31":0,"32":0,"33":0,"34":0,"35":0,"36":0,"37":0,"38":0,"39":0,"40":0,"41":0,"42":0,"43":0,"44":0,"45":0,"46":0,"47":0,"48":0,"49":0,"50":0,"51":0,"52":0,"53":0,"54":0,"55":0,"56":0,"57":0,"58":0,"59":0,"60":0,"61":0,"62":0,"63":0,"64":0,"65":0,"66":0,"67":0,"68":0,"69":0,"70":0,"71":0,"72":0,"73":0,"74":0,"75":0,"76":0,"77":0,"78":0,"79":0,"80":0,"81":0,"82":0,"83":0,"84":0,"85":0,"86":0,"87":0,"88":0,"89":0,"90":0,"91":0,"92":0,"93":0,"94":0,"95":0,"96":0,"97":0,"98":0,"99":0,"100":0,"101":0,"102":0,"103":0,"104":0,"105":0,"106":0,"107":0,"108":0,"109":0,"110":0,"111":0,"112":0,"113":0,"114":0,"115":0,"116":0,"117":0,"118":0,"119":5,"120":1,"121":2,"122":2,"123":1,"124":0,"125":2,"126":3,"127":3,"128":1,"129":1,"130":0,"131":0,"132":0,"133":0,"134":0,"135":0,"136":0,"137":0,"138":0,"139":0,"140":0,"141":0,"142":0,"143":0,"144":0,"145":0,"146":0,"147":0,"148":0,"149":0,"150":0,"151":0,"152":0,"153":0,"154":0,"155":0,"156":0,"157":0,"158":0,"159":0,"160":0,"161":0},"f":{"0":0,"1":0,"2":0,"3":0,"4":0,"5":0,"6":0,"7":0,"8":0,"9":0,"10":0,"11":0,"12":0,"13":0,"14":0,"15":0,"16":0,"17":0,"18":0,"19":5,"20":1,"21":2,"22":0,"23":0,"24":0,"25":0,"26":0},"b":{"0":[0,0],"1":[0,0],"2":[0,0],"3":[0,0],"4":[0,0,0],"5":[0,0],"6":[0,0],"7":[0,0],"8":[0,0],"9":[0,0],"10":[0,0],"11":[0,0],"12":[0,0],"13":[0,0],"14":[0,0],"15":[0,0],"16":[0,0],"17":[0,0],"18":[0,0],"19":[0,0],"20":[0,0],"21":[0,0,0],"22":[0,0],"23":[0,0],"24":[3,2],"25":[1,1],"26":[1,2],"27":[0,0],"28":[0,0],"29":[0,0],"30":[0,0],"31":[0,0],"32":[0,0],"33":[0,0],"34":[0,0],"35":[0,0,0],"36":[0,0],"37":[0,0],"38":[0,0],"39":[0],"40":[0,0],"41":[0,0]},"_coverageSchema":"1a1c01bbd47fc00a2c39e90264f33305004495a9","hash":"0349225376f089de1db71a7a1ee1cf0652063f5d"}
,"/Users/MM/Documents/career/code/media-script/extension/lib/drive.js": {"path":"/Users/MM/Documents/career/code/media-script/extension/lib/drive.js","statementMap":{"0":{"start":{"line":15,"column":18},"end":{"line":15,"column":30}},"1":{"start":{"line":16,"column":16},"end":{"line":16,"column":60}},"2":{"start":{"line":17,"column":2},"end":{"line":17,"column":36}},"3":{"start":{"line":21,"column":2},"end":{"line":21,"column":59}},"4":{"start":{"line":21,"column":34},"end":{"line":21,"column":57}},"5":{"start":{"line":24,"column":25},"end":{"line":24,"column":64}},"6":{"start":{"line":25,"column":24},"end":{"line":25,"column":41}},"7":{"start":{"line":30,"column":2},"end":{"line":39,"column":3}},"8":{"start":{"line":30,"column":21},"end":{"line":30,"column":22}},"9":{"start":{"line":31,"column":4},"end":{"line":37,"column":5}},"10":{"start":{"line":32,"column":18},"end":{"line":32,"column":43}},"11":{"start":{"line":33,"column":6},"end":{"line":33,"column":66}},"12":{"start":{"line":33,"column":55},"end":{"line":33,"column":66}},"13":{"start":{"line":34,"column":6},"end":{"line":34,"column":128}},"14":{"start":{"line":36,"column":6},"end":{"line":36,"column":20}},"15":{"start":{"line":38,"column":4},"end":{"line":38,"column":80}},"16":{"start":{"line":38,"column":42},"end":{"line":38,"column":80}},"17":{"start":{"line":40,"column":2},"end":{"line":40,"column":61}},"18":{"start":{"line":44,"column":14},"end":{"line":47,"column":4}},"19":{"start":{"line":48,"column":2},"end":{"line":50,"column":3}},"20":{"start":{"line":49,"column":4},"end":{"line":49,"column":70}},"21":{"start":{"line":51,"column":2},"end":{"line":56,"column":3}},"22":{"start":{"line":52,"column":4},"end":{"line":55,"column":6}},"23":{"start":{"line":57,"column":2},"end":{"line":57,"column":13}},"24":{"start":{"line":62,"column":2},"end":{"line":78,"column":3}},"25":{"start":{"line":62,"column":21},"end":{"line":62,"column":22}},"26":{"start":{"line":64,"column":4},"end":{"line":68,"column":5}},"27":{"start":{"line":65,"column":6},"end":{"line":65,"column":45}},"28":{"start":{"line":67,"column":6},"end":{"line":67,"column":55}},"29":{"start":{"line":70,"column":4},"end":{"line":77,"column":5}},"30":{"start":{"line":71,"column":6},"end":{"line":71,"column":49}},"31":{"start":{"line":73,"column":6},"end":{"line":73,"column":50}},"32":{"start":{"line":73,"column":40},"end":{"line":73,"column":50}},"33":{"start":{"line":74,"column":6},"end":{"line":74,"column":42}},"34":{"start":{"line":75,"column":6},"end":{"line":75,"column":74}},"35":{"start":{"line":75,"column":25},"end":{"line":75,"column":74}},"36":{"start":{"line":83,"column":12},"end":{"line":83,"column":121}},"37":{"start":{"line":84,"column":17},"end":{"line":89,"column":4}},"38":{"start":{"line":90,"column":14},"end":{"line":90,"column":90}},"39":{"start":{"line":91,"column":15},"end":{"line":91,"column":31}},"40":{"start":{"line":92,"column":2},"end":{"line":92,"column":33}},"41":{"start":{"line":107,"column":17},"end":{"line":107,"column":18}},"42":{"start":{"line":108,"column":2},"end":{"line":134,"column":3}},"43":{"start":{"line":108,"column":21},"end":{"line":108,"column":22}},"44":{"start":{"line":109,"column":20},"end":{"line":109,"column":91}},"45":{"start":{"line":111,"column":4},"end":{"line":117,"column":5}},"46":{"start":{"line":112,"column":6},"end":{"line":112,"column":108}},"47":{"start":{"line":114,"column":6},"end":{"line":114,"column":56}},"48":{"start":{"line":114,"column":46},"end":{"line":114,"column":56}},"49":{"start":{"line":115,"column":6},"end":{"line":115,"column":44}},"50":{"start":{"line":116,"column":6},"end":{"line":116,"column":15}},"51":{"start":{"line":119,"column":19},"end":{"line":119,"column":39}},"52":{"start":{"line":120,"column":4},"end":{"line":133,"column":5}},"53":{"start":{"line":121,"column":6},"end":{"line":126,"column":7}},"54":{"start":{"line":122,"column":32},"end":{"line":122,"column":51}},"55":{"start":{"line":123,"column":8},"end":{"line":123,"column":25}},"56":{"start":{"line":123,"column":18},"end":{"line":123,"column":25}},"57":{"start":{"line":124,"column":8},"end":{"line":124,"column":37}},"58":{"start":{"line":125,"column":8},"end":{"line":125,"column":20}},"59":{"start":{"line":128,"column":6},"end":{"line":130,"column":7}},"60":{"start":{"line":129,"column":8},"end":{"line":129,"column":63}},"61":{"start":{"line":131,"column":6},"end":{"line":131,"column":44}}},"fnMap":{"0":{"name":"parseFolderId","decl":{"start":{"line":14,"column":16},"end":{"line":14,"column":29}},"loc":{"start":{"line":14,"column":37},"end":{"line":18,"column":1}},"line":14},"1":{"name":"sleep","decl":{"start":{"line":20,"column":9},"end":{"line":20,"column":14}},"loc":{"start":{"line":20,"column":19},"end":{"line":22,"column":1}},"line":20},"2":{"name":"(anonymous_2)","decl":{"start":{"line":21,"column":21},"end":{"line":21,"column":22}},"loc":{"start":{"line":21,"column":34},"end":{"line":21,"column":57}},"line":21},"3":{"name":"fetchWithRetry","decl":{"start":{"line":28,"column":15},"end":{"line":28,"column":29}},"loc":{"start":{"line":28,"column":44},"end":{"line":41,"column":1}},"line":28},"4":{"name":"rawFetch","decl":{"start":{"line":43,"column":15},"end":{"line":43,"column":23}},"loc":{"start":{"line":43,"column":45},"end":{"line":58,"column":1}},"line":43},"5":{"name":"authorizedFetch","decl":{"start":{"line":61,"column":15},"end":{"line":61,"column":30}},"loc":{"start":{"line":61,"column":45},"end":{"line":79,"column":1}},"line":61},"6":{"name":"getNewestFileInFolder","decl":{"start":{"line":82,"column":22},"end":{"line":82,"column":43}},"loc":{"start":{"line":82,"column":54},"end":{"line":93,"column":1}},"line":82},"7":{"name":"streamFile","decl":{"start":{"line":106,"column":23},"end":{"line":106,"column":33}},"loc":{"start":{"line":106,"column":42},"end":{"line":135,"column":1}},"line":106}},"branchMap":{"0":{"loc":{"start":{"line":17,"column":9},"end":{"line":17,"column":35}},"type":"cond-expr","locations":[{"start":{"line":17,"column":17},"end":{"line":17,"column":25}},{"start":{"line":17,"column":28},"end":{"line":17,"column":35}}],"line":17},"1":{"loc":{"start":{"line":33,"column":6},"end":{"line":33,"column":66}},"type":"if","locations":[{"start":{"line":33,"column":6},"end":{"line":33,"column":66}},{"start":{},"end":{}}],"line":33},"2":{"loc":{"start":{"line":33,"column":10},"end":{"line":33,"column":53}},"type":"binary-expr","locations":[{"start":{"line":33,"column":10},"end":{"line":33,"column":16}},{"start":{"line":33,"column":20},"end":{"line":33,"column":53}}],"line":33},"3":{"loc":{"start":{"line":38,"column":4},"end":{"line":38,"column":80}},"type":"if","locations":[{"start":{"line":38,"column":4},"end":{"line":38,"column":80}},{"start":{},"end":{}}],"line":38},"4":{"loc":{"start":{"line":48,"column":2},"end":{"line":50,"column":3}},"type":"if","locations":[{"start":{"line":48,"column":2},"end":{"line":50,"column":3}},{"start":{},"end":{}}],"line":48},"5":{"loc":{"start":{"line":51,"column":2},"end":{"line":56,"column":3}},"type":"if","locations":[{"start":{"line":51,"column":2},"end":{"line":56,"column":3}},{"start":{},"end":{}}],"line":51},"6":{"loc":{"start":{"line":73,"column":6},"end":{"line":73,"column":50}},"type":"if","locations":[{"start":{"line":73,"column":6},"end":{"line":73,"column":50}},{"start":{},"end":{}}],"line":73},"7":{"loc":{"start":{"line":75,"column":6},"end":{"line":75,"column":74}},"type":"if","locations":[{"start":{"line":75,"column":6},"end":{"line":75,"column":74}},{"start":{},"end":{}}],"line":75},"8":{"loc":{"start":{"line":92,"column":9},"end":{"line":92,"column":32}},"type":"binary-expr","locations":[{"start":{"line":92,"column":9},"end":{"line":92,"column":24}},{"start":{"line":92,"column":28},"end":{"line":92,"column":32}}],"line":92},"9":{"loc":{"start":{"line":109,"column":20},"end":{"line":109,"column":91}},"type":"cond-expr","locations":[{"start":{"line":109,"column":35},"end":{"line":109,"column":79}},{"start":{"line":109,"column":82},"end":{"line":109,"column":91}}],"line":109},"10":{"loc":{"start":{"line":114,"column":6},"end":{"line":114,"column":56}},"type":"if","locations":[{"start":{"line":114,"column":6},"end":{"line":114,"column":56}},{"start":{},"end":{}}],"line":114},"11":{"loc":{"start":{"line":123,"column":8},"end":{"line":123,"column":25}},"type":"if","locations":[{"start":{"line":123,"column":8},"end":{"line":123,"column":25}},{"start":{},"end":{}}],"line":123},"12":{"loc":{"start":{"line":128,"column":6},"end":{"line":130,"column":7}},"type":"if","locations":[{"start":{"line":128,"column":6},"end":{"line":130,"column":7}},{"start":{},"end":{}}],"line":128}},"s":{"0":3,"1":3,"2":3,"3":0,"4":0,"5":1,"6":1,"7":2,"8":2,"9":2,"10":2,"11":2,"12":2,"13":0,"14":0,"15":0,"16":0,"17":0,"18":2,"19":2,"20":0,"21":2,"22":0,"23":2,"24":2,"25":2,"26":2,"27":2,"28":0,"29":2,"30":2,"31":0,"32":0,"33":0,"34":0,"35":0,"36":2,"37":2,"38":2,"39":2,"40":2,"41":0,"42":0,"43":0,"44":0,"45":0,"46":0,"47":0,"48":0,"49":0,"50":0,"51":0,"52":0,"53":0,"54":0,"55":0,"56":0,"57":0,"58":0,"59":0,"60":0,"61":0},"f":{"0":3,"1":0,"2":0,"3":2,"4":2,"5":2,"6":2,"7":0},"b":{"0":[2,1],"1":[2,0],"2":[2,0],"3":[0,0],"4":[0,2],"5":[0,2],"6":[0,0],"7":[0,0],"8":[2,1],"9":[0,0],"10":[0,0],"11":[0,0],"12":[0,0]},"_coverageSchema":"1a1c01bbd47fc00a2c39e90264f33305004495a9","hash":"0d1fe5b71de72e5118be1e426f34d78e66c9a5f6"}
,"/Users/MM/Documents/career/code/media-script/extension/lib/schedule.js": {"path":"/Users/MM/Documents/career/code/media-script/extension/lib/schedule.js","statementMap":{"0":{"start":{"line":10,"column":25},"end":{"line":43,"column":1}},"1":{"start":{"line":46,"column":24},"end":{"line":54,"column":1}},"2":{"start":{"line":56,"column":26},"end":{"line":56,"column":80}},"3":{"start":{"line":57,"column":26},"end":{"line":57,"column":33}},"4":{"start":{"line":60,"column":16},"end":{"line":60,"column":18}},"5":{"start":{"line":61,"column":2},"end":{"line":61,"column":35}},"6":{"start":{"line":61,"column":15},"end":{"line":61,"column":35}},"7":{"start":{"line":62,"column":2},"end":{"line":62,"column":35}},"8":{"start":{"line":62,"column":15},"end":{"line":62,"column":35}},"9":{"start":{"line":63,"column":2},"end":{"line":63,"column":69}},"10":{"start":{"line":63,"column":30},"end":{"line":63,"column":69}},"11":{"start":{"line":64,"column":2},"end":{"line":64,"column":26}},"12":{"start":{"line":69,"column":2},"end":{"line":69,"column":56}},"13":{"start":{"line":74,"column":19},"end":{"line":74,"column":40}},"14":{"start":{"line":75,"column":2},"end":{"line":79,"column":4}},"15":{"start":{"line":84,"column":17},"end":{"line":84,"column":19}},"16":{"start":{"line":85,"column":2},"end":{"line":87,"column":3}},"17":{"start":{"line":86,"column":4},"end":{"line":86,"column":99}},"18":{"start":{"line":88,"column":2},"end":{"line":88,"column":16}},"19":{"start":{"line":98,"column":2},"end":{"line":98,"column":37}},"20":{"start":{"line":98,"column":25},"end":{"line":98,"column":37}},"21":{"start":{"line":100,"column":19},"end":{"line":100,"column":40}},"22":{"start":{"line":101,"column":22},"end":{"line":101,"column":67}},"23":{"start":{"line":102,"column":15},"end":{"line":102,"column":54}},"24":{"start":{"line":104,"column":2},"end":{"line":112,"column":4}},"25":{"start":{"line":117,"column":2},"end":{"line":123,"column":6}},"26":{"start":{"line":117,"column":50},"end":{"line":123,"column":3}}},"fnMap":{"0":{"name":"buildDescription","decl":{"start":{"line":59,"column":9},"end":{"line":59,"column":25}},"loc":{"start":{"line":59,"column":42},"end":{"line":65,"column":1}},"line":59},"1":{"name":"resolveWeeklyGoal","decl":{"start":{"line":68,"column":16},"end":{"line":68,"column":33}},"loc":{"start":{"line":68,"column":58},"end":{"line":70,"column":1}},"line":68},"2":{"name":"defaultDayConfig","decl":{"start":{"line":73,"column":16},"end":{"line":73,"column":32}},"loc":{"start":{"line":73,"column":52},"end":{"line":80,"column":1}},"line":73},"3":{"name":"mergeWeekConfig","decl":{"start":{"line":83,"column":16},"end":{"line":83,"column":31}},"loc":{"start":{"line":83,"column":60},"end":{"line":89,"column":1}},"line":83},"4":{"name":"buildEntry","decl":{"start":{"line":97,"column":16},"end":{"line":97,"column":26}},"loc":{"start":{"line":97,"column":57},"end":{"line":113,"column":1}},"line":97},"5":{"name":"buildWeekEntries","decl":{"start":{"line":116,"column":16},"end":{"line":116,"column":32}},"loc":{"start":{"line":116,"column":57},"end":{"line":124,"column":1}},"line":116},"6":{"name":"(anonymous_6)","decl":{"start":{"line":117,"column":22},"end":{"line":117,"column":23}},"loc":{"start":{"line":117,"column":50},"end":{"line":123,"column":3}},"line":117}},"branchMap":{"0":{"loc":{"start":{"line":61,"column":2},"end":{"line":61,"column":35}},"type":"if","locations":[{"start":{"line":61,"column":2},"end":{"line":61,"column":35}},{"start":{},"end":{}}],"line":61},"1":{"loc":{"start":{"line":62,"column":2},"end":{"line":62,"column":35}},"type":"if","locations":[{"start":{"line":62,"column":2},"end":{"line":62,"column":35}},{"start":{},"end":{}}],"line":62},"2":{"loc":{"start":{"line":63,"column":2},"end":{"line":63,"column":69}},"type":"if","locations":[{"start":{"line":63,"column":2},"end":{"line":63,"column":69}},{"start":{},"end":{}}],"line":63},"3":{"loc":{"start":{"line":69,"column":9},"end":{"line":69,"column":55}},"type":"binary-expr","locations":[{"start":{"line":69,"column":9},"end":{"line":69,"column":19}},{"start":{"line":69,"column":23},"end":{"line":69,"column":55}}],"line":69},"4":{"loc":{"start":{"line":86,"column":66},"end":{"line":86,"column":95}},"type":"binary-expr","locations":[{"start":{"line":86,"column":66},"end":{"line":86,"column":89}},{"start":{"line":86,"column":93},"end":{"line":86,"column":95}}],"line":86},"5":{"loc":{"start":{"line":98,"column":2},"end":{"line":98,"column":37}},"type":"if","locations":[{"start":{"line":98,"column":2},"end":{"line":98,"column":37}},{"start":{},"end":{}}],"line":98},"6":{"loc":{"start":{"line":101,"column":22},"end":{"line":101,"column":67}},"type":"binary-expr","locations":[{"start":{"line":101,"column":22},"end":{"line":101,"column":43}},{"start":{"line":101,"column":47},"end":{"line":101,"column":67}}],"line":101},"7":{"loc":{"start":{"line":102,"column":15},"end":{"line":102,"column":54}},"type":"binary-expr","locations":[{"start":{"line":102,"column":15},"end":{"line":102,"column":32}},{"start":{"line":102,"column":36},"end":{"line":102,"column":54}}],"line":102},"8":{"loc":{"start":{"line":109,"column":11},"end":{"line":109,"column":37}},"type":"binary-expr","locations":[{"start":{"line":109,"column":11},"end":{"line":109,"column":26}},{"start":{"line":109,"column":30},"end":{"line":109,"column":37}}],"line":109},"9":{"loc":{"start":{"line":110,"column":17},"end":{"line":110,"column":74}},"type":"binary-expr","locations":[{"start":{"line":110,"column":17},"end":{"line":110,"column":38}},{"start":{"line":110,"column":42},"end":{"line":110,"column":74}}],"line":110},"10":{"loc":{"start":{"line":111,"column":10},"end":{"line":111,"column":41}},"type":"binary-expr","locations":[{"start":{"line":111,"column":10},"end":{"line":111,"column":24}},{"start":{"line":111,"column":28},"end":{"line":111,"column":41}}],"line":111}},"s":{"0":1,"1":1,"2":1,"3":1,"4":1,"5":1,"6":0,"7":1,"8":0,"9":1,"10":0,"11":1,"12":2,"13":16,"14":16,"15":2,"16":2,"17":14,"18":2,"19":9,"20":7,"21":2,"22":2,"23":2,"24":2,"25":1,"26":7},"f":{"0":1,"1":2,"2":16,"3":2,"4":9,"5":1,"6":7},"b":{"0":[0,1],"1":[0,1],"2":[0,1],"3":[2,1],"4":[14,12],"5":[7,2],"6":[2,2],"7":[2,0],"8":[2,1],"9":[2,1],"10":[2,1]},"_coverageSchema":"1a1c01bbd47fc00a2c39e90264f33305004495a9","hash":"dfd7387ebce3c40dc4949a74ba2c089c61252204"}
}
