TN:
SF:lib/dom.js
FN:12,sleep
FN:13,(anonymous_1)
FN:16,randomDelay
FN:21,dispatchPointerSequence
FN:31,nativeValueSetter
FN:40,typeNativeValue
FN:63,setNativeValue
FN:76,clearEditableText
FN:88,insertCharAtCaret
FN:111,typeEditableText
FN:129,setEditableValue
FN:140,fillTextField
FN:151,readFieldValue
FN:158,fieldLooksFilled
FN:165,fillTagInput
FN:176,buildFile
FN:183,setFileInputFiles
FN:199,getUniqueSelector
FN:220,(anonymous_18)
FN:233,candidateList
FN:239,queryFirst
FN:252,findFieldCandidates
FN:265,isInteractable
FN:282,waitForElement
FN:283,(anonymous_24)
FN:287,(anonymous_25)
FN:296,(anonymous_26)
FNF:27
FNH:3
FNDA:0,sleep
FNDA:0,(anonymous_1)
FNDA:0,randomDelay
FNDA:0,dispatchPointerSequence
FNDA:0,nativeValueSetter
FNDA:0,typeNativeValue
FNDA:0,setNativeValue
FNDA:0,clearEditableText
FNDA:0,insertCharAtCaret
FNDA:0,typeEditableText
FNDA:0,setEditableValue
FNDA:0,fillTextField
FNDA:0,readFieldValue
FNDA:0,fieldLooksFilled
FNDA:0,fillTagInput
FNDA:0,buildFile
FNDA:0,setFileInputFiles
FNDA:0,getUniqueSelector
FNDA:0,(anonymous_18)
FNDA:5,candidateList
FNDA:1,queryFirst
FNDA:2,findFieldCandidates
FNDA:0,isInteractable
FNDA:0,waitForElement
FNDA:0,(anonymous_24)
FNDA:0,(anonymous_25)
FNDA:0,(anonymous_26)
DA:13,0
DA:17,0
DA:22,0
DA:23,0
DA:24,0
DA:25,0
DA:26,0
DA:27,0
DA:28,0
DA:32,0
DA:33,0
DA:41,0
DA:43,0
DA:45,0
DA:46,0
DA:47,0
DA:48,0
DA:49,0
DA:50,0
DA:52,0
DA:54,0
DA:55,0
DA:56,0
DA:58,0
DA:64,0
DA:65,0
DA:66,0
DA:68,0
DA:70,0
DA:71,0
DA:77,0
DA:78,0
DA:79,0
DA:80,0
DA:81,0
DA:89,0
DA:91,0
DA:92,0
DA:94,0
DA:95,0
DA:96,0
DA:98,0
DA:99,0
DA:100,0
DA:101,0
DA:102,0
DA:103,0
DA:104,0
DA:112,0
DA:113,0
DA:115,0
DA:116,0
DA:117,0
DA:118,0
DA:119,0
DA:120,0
DA:121,0
DA:123,0
DA:124,0
DA:130,0
DA:131,0
DA:132,0
DA:141,0
DA:142,0
DA:143,0
DA:145,0
DA:146,0
DA:152,0
DA:153,0
DA:159,0
DA:160,0
DA:161,0
DA:166,0
DA:167,0
DA:168,0
DA:169,0
DA:172,0
DA:177,0
DA:184,0
DA:185,0
DA:186,0
DA:187,0
DA:188,0
DA:189,0
DA:191,0
DA:192,0
DA:193,0
DA:200,0
DA:202,0
DA:203,0
DA:205,0
DA:206,0
DA:207,0
DA:209,0
DA:210,0
DA:212,0
DA:213,0
DA:215,0
DA:216,0
DA:217,0
DA:218,0
DA:219,0
DA:220,0
DA:221,0
DA:222,0
DA:225,0
DA:226,0
DA:228,0
DA:234,5
DA:240,1
DA:241,2
DA:242,2
DA:244,0
DA:253,2
DA:254,3
DA:255,3
DA:257,1
DA:266,0
DA:267,0
DA:268,0
DA:269,0
DA:270,0
DA:272,0
DA:273,0
DA:274,0
DA:276,0
DA:277,0
DA:279,0
DA:283,0
DA:284,0
DA:285,0
DA:287,0
DA:288,0
DA:289,0
DA:290,0
DA:291,0
DA:294,0
DA:296,0
DA:297,0
DA:298,0
LF:140
LH:8
BRDA:32,0,0,0
BRDA:32,0,1,0
BRDA:49,1,0,0
BRDA:49,1,1,0
BRDA:65,2,0,0
BRDA:65,2,1,0
BRDA:91,3,0,0
BRDA:91,3,1,0
BRDA:91,4,0,0
BRDA:91,4,1,0
BRDA:91,4,2,0
BRDA:141,5,0,0
BRDA:141,5,1,0
BRDA:143,6,0,0
BRDA:143,6,1,0
BRDA:146,7,0,0
BRDA:146,7,1,0
BRDA:152,8,0,0
BRDA:152,8,1,0
BRDA:153,9,0,0
BRDA:153,9,1,0
BRDA:153,10,0,0
BRDA:153,10,1,0
BRDA:153,11,0,0
BRDA:153,11,1,0
BRDA:159,12,0,0
BRDA:159,12,1,0
BRDA:160,13,0,0
BRDA:160,13,1,0
BRDA:191,14,0,0
BRDA:191,14,1,0
BRDA:200,15,0,0
BRDA:200,15,1,0
BRDA:202,16,0,0
BRDA:202,16,1,0
BRDA:203,17,0,0
BRDA:203,17,1,0
BRDA:207,18,0,0
BRDA:207,18,1,0
BRDA:210,19,0,0
BRDA:210,19,1,0
BRDA:213,20,0,0
BRDA:213,20,1,0
BRDA:217,21,0,0
BRDA:217,21,1,0
BRDA:217,21,2,0
BRDA:219,22,0,0
BRDA:219,22,1,0
BRDA:221,23,0,0
BRDA:221,23,1,0
BRDA:234,24,0,3
BRDA:234,24,1,2
BRDA:242,25,0,1
BRDA:242,25,1,1
BRDA:255,26,0,1
BRDA:255,26,1,2
BRDA:266,27,0,0
BRDA:266,27,1,0
BRDA:266,28,0,0
BRDA:266,28,1,0
BRDA:267,29,0,0
BRDA:267,29,1,0
BRDA:268,30,0,0
BRDA:268,30,1,0
BRDA:268,31,0,0
BRDA:268,31,1,0
BRDA:269,32,0,0
BRDA:269,32,1,0
BRDA:270,33,0,0
BRDA:270,33,1,0
BRDA:273,34,0,0
BRDA:273,34,1,0
BRDA:273,35,0,0
BRDA:273,35,1,0
BRDA:273,35,2,0
BRDA:274,36,0,0
BRDA:274,36,1,0
BRDA:277,37,0,0
BRDA:277,37,1,0
BRDA:277,38,0,0
BRDA:277,38,1,0
BRDA:282,39,0,0
BRDA:285,40,0,0
BRDA:285,40,1,0
BRDA:289,41,0,0
BRDA:289,41,1,0
BRF:86
BRH:6
end_of_record
TN:
SF:lib/drive.js
FN:14,parseFolderId
FN:20,sleep
FN:21,(anonymous_2)
FN:28,fetchWithRetry
FN:43,rawFetch
FN:61,authorizedFetch
FN:82,getNewestFileInFolder
FN:106,streamFile
FNF:8
FNH:5
FNDA:3,parseFolderId
FNDA:0,sleep
FNDA:0,(anonymous_2)
FNDA:2,fetchWithRetry
FNDA:2,rawFetch
FNDA:2,authorizedFetch
FNDA:2,getNewestFileInFolder
FNDA:0,streamFile
DA:15,3
DA:16,3
DA:17,3
DA:21,0
DA:24,1
DA:25,1
DA:30,2
DA:31,2
DA:32,2
DA:33,2
DA:34,0
DA:36,0
DA:38,0
DA:40,0
DA:44,2
DA:48,2
DA:49,0
DA:51,2
DA:52,0
DA:57,2
DA:62,2
DA:64,2
DA:65,2
DA:67,0
DA:70,2
DA:71,2
DA:73,0
DA:74,0
DA:75,0
DA:83,2
DA:84,2
DA:90,2
DA:91,2
DA:92,2
DA:107,0
DA:108,0
DA:109,0
DA:111,0
DA:112,0
DA:114,0
DA:115,0
DA:116,0
DA:119,0
DA:120,0
DA:121,0
DA:122,0
DA:123,0
DA:124,0
DA:125,0
DA:128,0
DA:129,0
DA:131,0
LF:52
LH:23
BRDA:17,0,0,2
BRDA:17,0,1,1
BRDA:33,1,0,2
BRDA:33,1,1,0
BRDA:33,2,0,2
BRDA:33,2,1,0
BRDA:38,3,0,0
BRDA:38,3,1,0
BRDA:48,4,0,0
BRDA:48,4,1,2
BRDA:51,5,0,0
BRDA:51,5,1,2
BRDA:73,6,0,0
BRDA:73,6,1,0
BRDA:75,7,0,0
BRDA:75,7,1,0
BRDA:92,8,0,2
BRDA:92,8,1,1
BRDA:109,9,0,0
BRDA:109,9,1,0
BRDA:114,10,0,0
BRDA:114,10,1,0
BRDA:123,11,0,0
BRDA:123,11,1,0
BRDA:128,12,0,0
BRDA:128,12,1,0
BRF:26
BRH:8
end_of_record
TN:
SF:lib/schedule.js
FN:59,buildDescription
FN:68,resolveWeeklyGoal
FN:73,defaultDayConfig
FN:83,mergeWeekConfig
FN:97,buildEntry
FN:116,buildWeekEntries
FN:117,(anonymous_6)
FNF:7
FNH:7
FNDA:1,buildDescription
FNDA:2,resolveWeeklyGoal
FNDA:16,defaultDayConfig
FNDA:2,mergeWeekConfig
FNDA:9,buildEntry
FNDA:1,buildWeekEntries
FNDA:7,(anonymous_6)
DA:10,1
DA:46,1
DA:56,1
DA:57,1
DA:60,1
DA:61,1
DA:62,1
DA:63,1
DA:64,1
DA:69,2
DA:74,16
DA:75,16
DA:84,2
DA:85,2
DA:86,14
DA:88,2
DA:98,9
DA:100,2
DA:101,2
DA:102,2
DA:104,2
DA:117,7
LF:22
LH:22
BRDA:61,0,0,0
BRDA:61,0,1,1
BRDA:62,1,0,0
BRDA:62,1,1,1
BRDA:63,2,0,0
BRDA:63,2,1,1
BRDA:69,3,0,2
BRDA:69,3,1,1
BRDA:86,4,0,14
BRDA:86,4,1,12
BRDA:98,5,0,7
BRDA:98,5,1,2
BRDA:101,6,0,2
BRDA:101,6,1,2
BRDA:102,7,0,2
BRDA:102,7,1,0
BRDA:109,8,0,2
BRDA:109,8,1,1
BRDA:110,9,0,2
BRDA:110,9,1,1
BRDA:111,10,0,2
BRDA:111,10,1,1
BRF:22
BRH:18
end_of_record
